0 info it worked if it ends with ok
1 verbose cli [ '/usr/bin/node', '/usr/bin/npm', 'start' ]
2 info using npm@3.5.2
3 info using node@v8.10.0
4 verbose run-script [ 'prestart', 'start', 'poststart' ]
5 info lifecycle testapi@1.0.0~prestart: testapi@1.0.0
6 silly lifecycle testapi@1.0.0~prestart: no script for prestart, continuing
7 info lifecycle testapi@1.0.0~start: testapi@1.0.0
8 verbose lifecycle testapi@1.0.0~start: unsafe-perm in lifecycle true
9 verbose lifecycle testapi@1.0.0~start: PATH: /usr/share/npm/bin/node-gyp-bin:/home/carbon/testapi/node_modules/.bin:/home/carbon/.vscode-server/bin/3c4e3df9e89829dce27b7b5c24508306b151f30d/bin:/usr/local/sbin:/usr/local/bin:/usr/sbin:/usr/bin:/sbin:/bin:/usr/games:/usr/local/games:/mnt/c/Python39/Scripts/:/mnt/c/Python39/:/mnt/c/Program Files/Dell/DW WLAN Card:/mnt/c/Windows/system32:/mnt/c/Windows:/mnt/c/Windows/System32/Wbem:/mnt/c/Windows/System32/WindowsPowerShell/v1.0/:/mnt/c/Windows/System32/OpenSSH/:/mnt/c/Program Files (x86)/NoteBook FanControl/:/mnt/c/Program Files/nodejs/:/mnt/c/ProgramData/chocolatey/bin:/mnt/c/Program Files/Git/cmd:/mnt/c/Users/Anonymous/AppData/Local/Microsoft/WindowsApps:/mnt/c/Users/Anonymous/AppData/Local/Programs/Microsoft VS Code/bin:/mnt/c/Program Files/Java/jdk-14.0.1/bin:/mnt/c/Users/Anonymous/AppData/Local/Programs/Python/Python38-32:/mnt/c/Program Files (x86)/OpenSSL-Win32/bin:/mnt/c/Users/Anonymous/AppData/Roaming/npm:/mnt/c/Program Files/JetBrains/PyCharm 2021.1/bin:/snap/bin
10 verbose lifecycle testapi@1.0.0~start: CWD: /home/carbon/testapi
11 silly lifecycle testapi@1.0.0~start: Args: [ '-c', 'nodemon server.js' ]
12 info lifecycle testapi@1.0.0~start: Failed to exec start script
13 verbose stack Error: testapi@1.0.0 start: `nodemon server.js`
13 verbose stack spawn ENOENT
13 verbose stack     at ChildProcess.<anonymous> (/usr/share/npm/lib/utils/spawn.js:17:16)
13 verbose stack     at emitTwo (events.js:126:13)
13 verbose stack     at ChildProcess.emit (events.js:214:7)
13 verbose stack     at maybeClose (internal/child_process.js:925:16)
13 verbose stack     at Process.ChildProcess._handle.onexit (internal/child_process.js:209:5)
14 verbose pkgid testapi@1.0.0
15 verbose cwd /home/carbon/testapi
16 error Linux 4.4.0-18362-Microsoft
17 error argv "/usr/bin/node" "/usr/bin/npm" "start"
18 error node v8.10.0
19 error npm  v3.5.2
20 error file sh
21 error code ELIFECYCLE
22 error errno ENOENT
23 error syscall spawn
24 error testapi@1.0.0 start: `nodemon server.js`
24 error spawn ENOENT
25 error Failed at the testapi@1.0.0 start script 'nodemon server.js'.
25 error Make sure you have the latest version of node.js and npm installed.
25 error If you do, this is most likely a problem with the testapi package,
25 error not with npm itself.
25 error Tell the author that this fails on your system:
25 error     nodemon server.js
25 error You can get information on how to open an issue for this project with:
25 error     npm bugs testapi
25 error Or if that isn't available, you can get their info via:
25 error     npm owner ls testapi
25 error There is likely additional logging output above.
26 verbose exit [ 1, true ]
